<?xml version="1.0" encoding="UTF-8"?>
<!-- Generated by org.testng.reporters.JUnitXMLReporter -->
<testsuite hostname="IMCBBCP54-BLL" ignored="0" name="Default test" tests="2" failures="2" timestamp="01 Jun 2022 07:02:31 GMT" time="4.711" errors="0">
  <testcase name="runScenario" time="0.191" classname="io.cucumber.testng.AbstractTestNGCucumberTests">
    <failure type="java.lang.NullPointerException">
      <![CDATA[java.lang.NullPointerException
at factory.DriverFactory.init_driver(DriverFactory.java:46)
at ApplicationHooks.ApplicationHooks.launchBrowser(ApplicationHooks.java:33)
]]>
    </failure>
  </testcase> <!-- runScenario -->
  <testcase name="runScenario" time="0.017" classname="io.cucumber.testng.AbstractTestNGCucumberTests">
    <failure type="java.lang.NullPointerException">
      <![CDATA[java.lang.NullPointerException
at factory.DriverFactory.init_driver(DriverFactory.java:46)
at ApplicationHooks.ApplicationHooks.launchBrowser(ApplicationHooks.java:33)
]]>
    </failure>
  </testcase> <!-- runScenario -->
</testsuite> <!-- Default test -->
